Unity Editor version:    2021.3.20f1 (577897200b8b)
Branch:                  2021.3/staging
Build type:              Release
Batch mode:              YES
macOS version:           Version 12.6.3 (Build 21G419)
Darwin version:          21.6.0
Architecture:            x86_64
Running under Rosetta:   NO
Available memory:        65536 MB
Using pre-set license
Pro License: YES

COMMAND LINE ARGUMENTS:
/Applications/Unity/Hub/Editor/2021.3.20f1/Unity.app/Contents/MacOS/Unity
-adb2
-batchMode
-noUpm
-name
AssetImportWorker2
-projectPath
/Users/tonyfu/Desktop/Unity/HelloWorld-Unity/HelloWorld
-logFile
Logs/AssetImportWorker2.log
-srvPort
49899
Successfully changed project path to: /Users/tonyfu/Desktop/Unity/HelloWorld-Unity/HelloWorld
/Users/tonyfu/Desktop/Unity/HelloWorld-Unity/HelloWorld
[UnityMemory] Configuration Parameters - Can be set up in boot.config
    "memorysetup-bucket-allocator-granularity=16"
    "memorysetup-bucket-allocator-bucket-count=8"
    "memorysetup-bucket-allocator-block-size=33554432"
    "memorysetup-bucket-allocator-block-count=8"
    "memorysetup-main-allocator-block-size=16777216"
    "memorysetup-thread-allocator-block-size=16777216"
    "memorysetup-gfx-main-allocator-block-size=16777216"
    "memorysetup-gfx-thread-allocator-block-size=16777216"
    "memorysetup-cache-allocator-block-size=4194304"
    "memorysetup-typetree-allocator-block-size=2097152"
    "memorysetup-profiler-bucket-allocator-granularity=16"
    "memorysetup-profiler-bucket-allocator-bucket-count=8"
    "memorysetup-profiler-bucket-allocator-block-size=33554432"
    "memorysetup-profiler-bucket-allocator-block-count=8"
    "memorysetup-profiler-allocator-block-size=16777216"
    "memorysetup-profiler-editor-allocator-block-size=1048576"
    "memorysetup-temp-allocator-size-main=16777216"
    "memorysetup-job-temp-allocator-block-size=2097152"
    "memorysetup-job-temp-allocator-block-size-background=1048576"
    "memorysetup-job-temp-allocator-reduction-small-platforms=262144"
    "memorysetup-temp-allocator-size-background-worker=32768"
    "memorysetup-temp-allocator-size-job-worker=262144"
    "memorysetup-temp-allocator-size-preload-manager=33554432"
    "memorysetup-temp-allocator-size-nav-mesh-worker=65536"
    "memorysetup-temp-allocator-size-audio-worker=65536"
    "memorysetup-temp-allocator-size-cloud-worker=32768"
    "memorysetup-temp-allocator-size-gi-baking-worker=262144"
    "memorysetup-temp-allocator-size-gfx=262144"
Player connection [4832601600] Host "[IP] 10.0.0.181 [Port] 0 [Flags] 2 [Guid] 2728346915 [EditorId] 2728346915 [Version] 1048832 [Id] OSXEditor(0,Tonys-Mac-Pro.local) [Debug] 1 [PackageName] OSXEditor [ProjectName] Editor" joined multi-casting on [225.0.0.222:54997]...

Player connection [4832601600] Host "[IP] 10.0.0.181 [Port] 0 [Flags] 2 [Guid] 2728346915 [EditorId] 2728346915 [Version] 1048832 [Id] OSXEditor(0,Tonys-Mac-Pro.local) [Debug] 1 [PackageName] OSXEditor [ProjectName] Editor" joined alternative multi-casting on [225.0.0.222:34997]...

Refreshing native plugins compatible for Editor in 107.90 ms, found 2 plugins.
Preloading 0 native plugins for Editor in 0.00 ms.
Initialize engine version: 2021.3.20f1 (577897200b8b)
[Subsystems] Discovering subsystems at path /Applications/Unity/Hub/Editor/2021.3.20f1/Unity.app/Contents/Resources/UnitySubsystems
[Subsystems] Discovering subsystems at path /Users/tonyfu/Desktop/Unity/HelloWorld-Unity/HelloWorld/Assets
GfxDevice: creating device client; threaded=0; jobified=0
VIOTEKNB32C preferred device: AMD Radeon HD - FirePro D500 (high power)
Metal devices available: 2
0: AMD Radeon HD - FirePro D500 (high power)
1: AMD Radeon HD - FirePro D500 (high power)
Using device AMD Radeon HD - FirePro D500 (high power)
Initializing Metal device caps: AMD Radeon HD - FirePro D500
Initialize mono
Mono path[0] = '/Applications/Unity/Hub/Editor/2021.3.20f1/Unity.app/Contents/Managed'
Mono path[1] = '/Applications/Unity/Hub/Editor/2021.3.20f1/Unity.app/Contents/MonoBleedingEdge/lib/mono/unityjit-macos'
Mono config path = '/Applications/Unity/Hub/Editor/2021.3.20f1/Unity.app/Contents/MonoBleedingEdge/etc'
Using monoOptions --debugger-agent=transport=dt_socket,embedding=1,server=y,suspend=n,address=127.0.0.1:56040
Begin MonoManager ReloadAssembly
Registering precompiled unity dll's ...
Register platform support module: /Applications/Unity/Hub/Editor/2021.3.20f1/PlaybackEngines/WebGLSupport/UnityEditor.WebGL.Extensions.dll
Register platform support module: /Applications/Unity/Hub/Editor/2021.3.20f1/Unity.app/Contents/PlaybackEngines/MacStandaloneSupport/UnityEditor.OSXStandalone.Extensions.dll
Register platform support module: /Applications/Unity/Hub/Editor/2021.3.20f1/PlaybackEngines/AndroidPlayer/UnityEditor.Android.Extensions.dll
Register platform support module: /Applications/Unity/Hub/Editor/2021.3.20f1/PlaybackEngines/iOSSupport/UnityEditor.iOS.Extensions.dll
Register platform support module: /Applications/Unity/Hub/Editor/2021.3.20f1/PlaybackEngines/WindowsStandaloneSupport/UnityEditor.WindowsStandalone.Extensions.dll
Registered in 0.001806 seconds.
Native extension for WindowsStandalone target not found
[usbmuxd] Start listen thread
[usbmuxd] Listen thread started
[usbmuxd] Send listen message
Native extension for iOS target not found
2023-03-24 14:46:16.426 Unity[27040:279658] [XcodeApplications] Failed to read NSDictionary from path /Contents/Info.plist
Native extension for Android target not found
Android Extension - Scanning For ADB Devices 108 ms
Native extension for OSXStandalone target not found
Native extension for WebGL target not found
Refreshing native plugins compatible for Editor in 104.16 ms, found 2 plugins.
Preloading 0 native plugins for Editor in 0.00 ms.
Mono: successfully reloaded assembly
- Completed reload, in  1.204 seconds
Domain Reload Profiling:
	ReloadAssembly (1204ms)
		BeginReloadAssembly (109ms)
			ExecutionOrderSort (0ms)
			DisableScriptedObjects (0ms)
			BackupInstance (0ms)
			ReleaseScriptingObjects (0ms)
			CreateAndSetChildDomain (1ms)
		EndReloadAssembly (938ms)
			LoadAssemblies (109ms)
			RebuildTransferFunctionScriptingTraits (0ms)
			SetupTypeCache (207ms)
			ReleaseScriptCaches (0ms)
			RebuildScriptCaches (53ms)
			SetupLoadedEditorAssemblies (598ms)
				LogAssemblyErrors (0ms)
				InitializePlatformSupportModulesInManaged (281ms)
				SetLoadedEditorAssemblies (0ms)
				RefreshPlugins (104ms)
				BeforeProcessingInitializeOnLoad (2ms)
				ProcessInitializeOnLoadAttributes (143ms)
				ProcessInitializeOnLoadMethodAttributes (67ms)
				AfterProcessingInitializeOnLoad (0ms)
				EditorAssembliesLoaded (0ms)
			ExecutionOrderSort2 (0ms)
			AwakeInstancesAfterBackupRestoration (0ms)
Platform modules already initialized, skipping
Registering precompiled user dll's ...
Registered in 0.002626 seconds.
Begin MonoManager ReloadAssembly
Symbol file LoadedFromMemory doesn't match image /Users/tonyfu/Desktop/Unity/HelloWorld-Unity/HelloWorld/Library/PackageCache/com.unity.visualscripting@1.8.0/Editor/VisualScripting.Core/Dependencies/YamlDotNet/Unity.VisualScripting.YamlDotNet.dll
Symbol file LoadedFromMemory doesn't match image /Users/tonyfu/Desktop/Unity/HelloWorld-Unity/HelloWorld/Library/PackageCache/com.unity.visualscripting@1.8.0/Editor/VisualScripting.Core/Dependencies/DotNetZip/Unity.VisualScripting.IonicZip.dll
Native extension for WindowsStandalone target not found
Native extension for iOS target not found
2023-03-24 14:46:18.833 Unity[27040:279658] [XcodeApplications] Failed to read NSDictionary from path /Contents/Info.plist
Native extension for Android target not found
Native extension for OSXStandalone target not found
Native extension for WebGL target not found
Refreshing native plugins compatible for Editor in 0.63 ms, found 2 plugins.
Preloading 0 native plugins for Editor in 0.00 ms.
Mono: successfully reloaded assembly
- Completed reload, in  1.607 seconds
Domain Reload Profiling:
	ReloadAssembly (1608ms)
		BeginReloadAssembly (169ms)
			ExecutionOrderSort (0ms)
			DisableScriptedObjects (10ms)
			BackupInstance (0ms)
			ReleaseScriptingObjects (0ms)
			CreateAndSetChildDomain (41ms)
		EndReloadAssembly (1266ms)
			LoadAssemblies (103ms)
			RebuildTransferFunctionScriptingTraits (0ms)
			SetupTypeCache (473ms)
			ReleaseScriptCaches (1ms)
			RebuildScriptCaches (87ms)
			SetupLoadedEditorAssemblies (505ms)
				LogAssemblyErrors (0ms)
				InitializePlatformSupportModulesInManaged (44ms)
				SetLoadedEditorAssemblies (1ms)
				RefreshPlugins (1ms)
				BeforeProcessingInitializeOnLoad (100ms)
				ProcessInitializeOnLoadAttributes (325ms)
				ProcessInitializeOnLoadMethodAttributes (33ms)
				AfterProcessingInitializeOnLoad (2ms)
				EditorAssembliesLoaded (0ms)
			ExecutionOrderSort2 (0ms)
			AwakeInstancesAfterBackupRestoration (7ms)
Platform modules already initialized, skipping
========================================================================
Worker process is ready to serve import requests
Launching external process: /Applications/Unity/Hub/Editor/2021.3.20f1/Unity.app/Contents/Tools/UnityShaderCompiler
Launched and connected shader compiler UnityShaderCompiler after 0.08 seconds
Refreshing native plugins compatible for Editor in 0.63 ms, found 2 plugins.
Preloading 0 native plugins for Editor in 0.00 ms.
Unloading 3051 Unused Serialized files (Serialized files now loaded: 0)
Unloading 23 unused Assets / (65.6 KB). Loaded Objects now: 3515.
Memory consumption went from 102.9 MB to 102.8 MB.
Total: 4.098325 ms (FindLiveObjects: 0.343875 ms CreateObjectMapping: 0.171710 ms MarkObjects: 3.431104 ms  DeleteObjects: 0.150292 ms)

AssetImportParameters requested are different than current active one (requested -> active):
  custom:video-decoder-ogg-theora: a1e56fd34408186e4bbccfd4996cb3dc -> 
  custom:container-muxer-webm: aa71ff27fc2769a1b78a27578f13a17b -> 
  custom:container-demuxer-webm: 4f35f7cbe854078d1ac9338744f61a02 -> 
  custom:video-encoder-webm-vp8: eb34c28f22e8b96e1ab97ce403110664 -> 
  custom:framework-osx-AVFoundation: e770b220cccbd017edd2c1fefb359320 -> 
  custom:audio-encoder-webm-vorbis: bf7c407c2cedff20999df2af8eb42d56 -> 
  custom:container-demuxer-ogg: 62fdf1f143b41e24485cea50d1cbac27 -> 
  custom:video-decoder-webm-vp8: 9c59270c3fd7afecdb556c50c9e8de78 -> 
  custom:audio-decoder-ogg-vorbis: bf7c407c2cedff20999df2af8eb42d56 -> 
========================================================================
Received Prepare
Registering precompiled user dll's ...
Registered in 0.002677 seconds.
Begin MonoManager ReloadAssembly
Symbol file LoadedFromMemory doesn't match image /Users/tonyfu/Desktop/Unity/HelloWorld-Unity/HelloWorld/Library/PackageCache/com.unity.visualscripting@1.8.0/Editor/VisualScripting.Core/Dependencies/YamlDotNet/Unity.VisualScripting.YamlDotNet.dll
Symbol file LoadedFromMemory doesn't match image /Users/tonyfu/Desktop/Unity/HelloWorld-Unity/HelloWorld/Library/PackageCache/com.unity.visualscripting@1.8.0/Editor/VisualScripting.Core/Dependencies/DotNetZip/Unity.VisualScripting.IonicZip.dll
Native extension for WindowsStandalone target not found
Native extension for iOS target not found
2023-03-24 14:47:23.204 Unity[27040:279658] [XcodeApplications] Failed to read NSDictionary from path /Contents/Info.plist
Native extension for Android target not found
Native extension for OSXStandalone target not found
Native extension for WebGL target not found
Refreshing native plugins compatible for Editor in 0.75 ms, found 2 plugins.
Preloading 0 native plugins for Editor in 0.00 ms.
Mono: successfully reloaded assembly
- Completed reload, in  1.529 seconds
Domain Reload Profiling:
	ReloadAssembly (1530ms)
		BeginReloadAssembly (197ms)
			ExecutionOrderSort (0ms)
			DisableScriptedObjects (9ms)
			BackupInstance (0ms)
			ReleaseScriptingObjects (0ms)
			CreateAndSetChildDomain (71ms)
		EndReloadAssembly (1190ms)
			LoadAssemblies (97ms)
			RebuildTransferFunctionScriptingTraits (0ms)
			SetupTypeCache (455ms)
			ReleaseScriptCaches (1ms)
			RebuildScriptCaches (74ms)
			SetupLoadedEditorAssemblies (447ms)
				LogAssemblyErrors (0ms)
				InitializePlatformSupportModulesInManaged (44ms)
				SetLoadedEditorAssemblies (1ms)
				RefreshPlugins (1ms)
				BeforeProcessingInitializeOnLoad (77ms)
				ProcessInitializeOnLoadAttributes (291ms)
				ProcessInitializeOnLoadMethodAttributes (31ms)
				AfterProcessingInitializeOnLoad (2ms)
				EditorAssembliesLoaded (0ms)
			ExecutionOrderSort2 (0ms)
			AwakeInstancesAfterBackupRestoration (6ms)
Platform modules already initialized, skipping
Refreshing native plugins compatible for Editor in 1.52 ms, found 2 plugins.
Preloading 0 native plugins for Editor in 0.00 ms.
Unloading 3045 Unused Serialized files (Serialized files now loaded: 0)
Unloading 16 unused Assets / (45.2 KB). Loaded Objects now: 3518.
Memory consumption went from 102.7 MB to 102.7 MB.
Total: 3.792570 ms (FindLiveObjects: 0.265575 ms CreateObjectMapping: 0.123008 ms MarkObjects: 3.324658 ms  DeleteObjects: 0.077808 ms)

AssetImportParameters requested are different than current active one (requested -> active):
  custom:video-decoder-ogg-theora: a1e56fd34408186e4bbccfd4996cb3dc -> 
  custom:container-muxer-webm: aa71ff27fc2769a1b78a27578f13a17b -> 
  custom:container-demuxer-webm: 4f35f7cbe854078d1ac9338744f61a02 -> 
  custom:video-encoder-webm-vp8: eb34c28f22e8b96e1ab97ce403110664 -> 
  custom:framework-osx-AVFoundation: e770b220cccbd017edd2c1fefb359320 -> 
  custom:audio-encoder-webm-vorbis: bf7c407c2cedff20999df2af8eb42d56 -> 
  custom:container-demuxer-ogg: 62fdf1f143b41e24485cea50d1cbac27 -> 
  custom:video-decoder-webm-vp8: 9c59270c3fd7afecdb556c50c9e8de78 -> 
  custom:audio-decoder-ogg-vorbis: bf7c407c2cedff20999df2af8eb42d56 -> 
========================================================================
Received Prepare
Registering precompiled user dll's ...
Registered in 0.002440 seconds.
Begin MonoManager ReloadAssembly
Symbol file LoadedFromMemory doesn't match image /Users/tonyfu/Desktop/Unity/HelloWorld-Unity/HelloWorld/Library/PackageCache/com.unity.visualscripting@1.8.0/Editor/VisualScripting.Core/Dependencies/YamlDotNet/Unity.VisualScripting.YamlDotNet.dll
Symbol file LoadedFromMemory doesn't match image /Users/tonyfu/Desktop/Unity/HelloWorld-Unity/HelloWorld/Library/PackageCache/com.unity.visualscripting@1.8.0/Editor/VisualScripting.Core/Dependencies/DotNetZip/Unity.VisualScripting.IonicZip.dll
Native extension for WindowsStandalone target not found
Native extension for iOS target not found
2023-03-24 15:20:20.589 Unity[27040:279658] [XcodeApplications] Failed to read NSDictionary from path /Contents/Info.plist
Native extension for Android target not found
Native extension for OSXStandalone target not found
Native extension for WebGL target not found
Refreshing native plugins compatible for Editor in 0.66 ms, found 2 plugins.
Preloading 0 native plugins for Editor in 0.00 ms.
Mono: successfully reloaded assembly
- Completed reload, in  1.523 seconds
Domain Reload Profiling:
	ReloadAssembly (1524ms)
		BeginReloadAssembly (193ms)
			ExecutionOrderSort (0ms)
			DisableScriptedObjects (9ms)
			BackupInstance (0ms)
			ReleaseScriptingObjects (0ms)
			CreateAndSetChildDomain (72ms)
		EndReloadAssembly (1190ms)
			LoadAssemblies (90ms)
			RebuildTransferFunctionScriptingTraits (0ms)
			SetupTypeCache (450ms)
			ReleaseScriptCaches (1ms)
			RebuildScriptCaches (76ms)
			SetupLoadedEditorAssemblies (452ms)
				LogAssemblyErrors (0ms)
				InitializePlatformSupportModulesInManaged (46ms)
				SetLoadedEditorAssemblies (1ms)
				RefreshPlugins (1ms)
				BeforeProcessingInitializeOnLoad (79ms)
				ProcessInitializeOnLoadAttributes (293ms)
				ProcessInitializeOnLoadMethodAttributes (32ms)
				AfterProcessingInitializeOnLoad (2ms)
				EditorAssembliesLoaded (0ms)
			ExecutionOrderSort2 (0ms)
			AwakeInstancesAfterBackupRestoration (6ms)
Platform modules already initialized, skipping
Refreshing native plugins compatible for Editor in 1.57 ms, found 2 plugins.
Preloading 0 native plugins for Editor in 0.00 ms.
Unloading 3045 Unused Serialized files (Serialized files now loaded: 0)
Unloading 16 unused Assets / (45.1 KB). Loaded Objects now: 3521.
Memory consumption went from 102.7 MB to 102.7 MB.
Total: 4.051187 ms (FindLiveObjects: 0.263260 ms CreateObjectMapping: 0.133642 ms MarkObjects: 3.568645 ms  DeleteObjects: 0.084452 ms)

AssetImportParameters requested are different than current active one (requested -> active):
  custom:video-decoder-ogg-theora: a1e56fd34408186e4bbccfd4996cb3dc -> 
  custom:container-muxer-webm: aa71ff27fc2769a1b78a27578f13a17b -> 
  custom:container-demuxer-webm: 4f35f7cbe854078d1ac9338744f61a02 -> 
  custom:video-encoder-webm-vp8: eb34c28f22e8b96e1ab97ce403110664 -> 
  custom:framework-osx-AVFoundation: e770b220cccbd017edd2c1fefb359320 -> 
  custom:audio-encoder-webm-vorbis: bf7c407c2cedff20999df2af8eb42d56 -> 
  custom:container-demuxer-ogg: 62fdf1f143b41e24485cea50d1cbac27 -> 
  custom:video-decoder-webm-vp8: 9c59270c3fd7afecdb556c50c9e8de78 -> 
  custom:audio-decoder-ogg-vorbis: bf7c407c2cedff20999df2af8eb42d56 -> 
========================================================================
Received Import Request.
  Time since last request: 18856.354777 seconds.
  path: Assets/Scenes/Video 4.8.unity
  artifactKey: Guid(a92c7550f1da9466da56d9f556f034c4) Importer(815301076,1909f56bfc062723c751e8b465ee728b)
Start importing Assets/Scenes/Video 4.8.unity using Guid(a92c7550f1da9466da56d9f556f034c4) Importer(815301076,1909f56bfc062723c751e8b465ee728b)  -> (artifact id: '0d9d9939e3aba591b74caa694facc074') in 0.007083 seconds 
========================================================================
Received Import Request.
  Time since last request: 499.649731 seconds.
  path: Assets/BrokenVector_Rocks/LowPolyRockPack/Prefabs/Rock Type1 03.prefab
  artifactKey: Guid(85f4229977c9ee247bc4425710c5b0c4) Importer(815301076,1909f56bfc062723c751e8b465ee728b)
Start importing Assets/BrokenVector_Rocks/LowPolyRockPack/Prefabs/Rock Type1 03.prefab using Guid(85f4229977c9ee247bc4425710c5b0c4) Importer(815301076,1909f56bfc062723c751e8b465ee728b)  -> (artifact id: '759ec2be0e4ff6117b83d3bfe42a735b') in 0.912566 seconds 
========================================================================
Received Import Request.
  Time since last request: 0.000083 seconds.
  path: Assets/BrokenVector_Rocks/LowPolyRockPack/Textures/Colorsheet Rock Sand.png
  artifactKey: Guid(dd4ddf430e155f54cb27867f5a466c16) Importer(815301076,1909f56bfc062723c751e8b465ee728b)
Start importing Assets/BrokenVector_Rocks/LowPolyRockPack/Textures/Colorsheet Rock Sand.png using Guid(dd4ddf430e155f54cb27867f5a466c16) Importer(815301076,1909f56bfc062723c751e8b465ee728b)  -> (artifact id: 'bce861f56d055dc50910b67a525b4812') in 1.079964 seconds 
========================================================================
Received Import Request.
  Time since last request: 0.000165 seconds.
  path: Assets/BrokenVector_Rocks/LowPolyRockPack/Models/Rock Type3 03.dae
  artifactKey: Guid(08d02c187472d684096f88c67beb6890) Importer(815301076,1909f56bfc062723c751e8b465ee728b)
Start importing Assets/BrokenVector_Rocks/LowPolyRockPack/Models/Rock Type3 03.dae using Guid(08d02c187472d684096f88c67beb6890) Importer(815301076,1909f56bfc062723c751e8b465ee728b)  -> (artifact id: '152389b046616c6349856895c4357709') in 0.337268 seconds 
========================================================================
Received Import Request.
  Time since last request: 0.000107 seconds.
  path: Assets/Normal Maps/Concrete_Normal.jpg
  artifactKey: Guid(642407b6f627649288ab619168aee652) Importer(815301076,1909f56bfc062723c751e8b465ee728b)
Start importing Assets/Normal Maps/Concrete_Normal.jpg using Guid(642407b6f627649288ab619168aee652) Importer(815301076,1909f56bfc062723c751e8b465ee728b)  -> (artifact id: '9fdedd26bd12c0672b85c5f6c625559d') in 1.105923 seconds 
========================================================================
Received Import Request.
  Time since last request: 0.000074 seconds.
  path: Assets/BrokenVector_Rocks/LowPolyRockPack/Prefabs/Rock Type1 01.prefab
  artifactKey: Guid(75283e9ef15245c4aab126ec6525dd2a) Importer(815301076,1909f56bfc062723c751e8b465ee728b)
Start importing Assets/BrokenVector_Rocks/LowPolyRockPack/Prefabs/Rock Type1 01.prefab using Guid(75283e9ef15245c4aab126ec6525dd2a) Importer(815301076,1909f56bfc062723c751e8b465ee728b)  -> (artifact id: 'a74a56d219a249597fa33bbcd7ac2e47') in 0.010472 seconds 
========================================================================
Received Import Request.
  Time since last request: 0.001418 seconds.
  path: Assets/BrokenVector_Rocks/LowPolyRockPack/Materials/Grey.mat
  artifactKey: Guid(18ec5123ab1b37446998bf1b1228a0c0) Importer(815301076,1909f56bfc062723c751e8b465ee728b)
Start importing Assets/BrokenVector_Rocks/LowPolyRockPack/Materials/Grey.mat using Guid(18ec5123ab1b37446998bf1b1228a0c0) Importer(815301076,1909f56bfc062723c751e8b465ee728b)  -> (artifact id: '14bee38d35d12f6d86c467a170a3042e') in 0.152218 seconds 
========================================================================
Received Import Request.
  Time since last request: 0.000078 seconds.
  path: Assets/BrokenVector_Rocks/LowPolyRockPack/Models/Rock Type6 03.dae
  artifactKey: Guid(a2cba2c95720877468327b3f6924f8c6) Importer(815301076,1909f56bfc062723c751e8b465ee728b)
Start importing Assets/BrokenVector_Rocks/LowPolyRockPack/Models/Rock Type6 03.dae using Guid(a2cba2c95720877468327b3f6924f8c6) Importer(815301076,1909f56bfc062723c751e8b465ee728b)  -> (artifact id: '0c8d3edb5c20d5c349a0b05f8cd2d85d') in 0.013971 seconds 
========================================================================
Received Import Request.
  Time since last request: 0.000076 seconds.
  path: Assets/BrokenVector_Rocks/LowPolyRockPack/Prefabs/Rock Type2 01.prefab
  artifactKey: Guid(2d521608fcf07c346b5e2ed4049aa717) Importer(815301076,1909f56bfc062723c751e8b465ee728b)
Start importing Assets/BrokenVector_Rocks/LowPolyRockPack/Prefabs/Rock Type2 01.prefab using Guid(2d521608fcf07c346b5e2ed4049aa717) Importer(815301076,1909f56bfc062723c751e8b465ee728b)  -> (artifact id: 'f4a41ed1ff043096b78889e1d2450503') in 0.009144 seconds 
========================================================================
Received Import Request.
  Time since last request: 0.000077 seconds.
  path: Assets/BrokenVector_Rocks/LowPolyRockPack/Prefabs/Rock Type4 01.prefab
  artifactKey: Guid(e9661e4c2bfea8344a07064944abe034) Importer(815301076,1909f56bfc062723c751e8b465ee728b)
Start importing Assets/BrokenVector_Rocks/LowPolyRockPack/Prefabs/Rock Type4 01.prefab using Guid(e9661e4c2bfea8344a07064944abe034) Importer(815301076,1909f56bfc062723c751e8b465ee728b)  -> (artifact id: '4e748405055b02a6025d96ce544ea981') in 0.012292 seconds 
========================================================================
Received Import Request.
  Time since last request: 0.000080 seconds.
  path: Assets/BrokenVector_Rocks/LowPolyRockPack/Materials/Orange.mat
  artifactKey: Guid(aeea0b0ce40f57741addd46857bdbc00) Importer(815301076,1909f56bfc062723c751e8b465ee728b)
Start importing Assets/BrokenVector_Rocks/LowPolyRockPack/Materials/Orange.mat using Guid(aeea0b0ce40f57741addd46857bdbc00) Importer(815301076,1909f56bfc062723c751e8b465ee728b)  -> (artifact id: 'a1dc791bc7834d22c1e2a2d65d903724') in 0.013787 seconds 
========================================================================
Received Import Request.
  Time since last request: 0.001116 seconds.
  path: Assets/BrokenVector_Rocks/LowPolyRockPack/Models/Rock Type5 03.dae
  artifactKey: Guid(8b9e37193d32fc840b941d5ea3cf8aed) Importer(815301076,1909f56bfc062723c751e8b465ee728b)
Start importing Assets/BrokenVector_Rocks/LowPolyRockPack/Models/Rock Type5 03.dae using Guid(8b9e37193d32fc840b941d5ea3cf8aed) Importer(815301076,1909f56bfc062723c751e8b465ee728b)  -> (artifact id: '0493e5467469be8018bec1d2efc4d661') in 0.020833 seconds 
========================================================================
Received Import Request.
  Time since last request: 0.000089 seconds.
  path: Assets/BrokenVector_Rocks/LowPolyRockPack/Prefabs/Rock Type2 03.prefab
  artifactKey: Guid(36cf43d46aeb7494b82aa54d61da3bd7) Importer(815301076,1909f56bfc062723c751e8b465ee728b)
Start importing Assets/BrokenVector_Rocks/LowPolyRockPack/Prefabs/Rock Type2 03.prefab using Guid(36cf43d46aeb7494b82aa54d61da3bd7) Importer(815301076,1909f56bfc062723c751e8b465ee728b)  -> (artifact id: 'f1197dd6e6f56fe764c2136d2d4e8440') in 0.013589 seconds 
========================================================================
Received Import Request.
  Time since last request: 0.000096 seconds.
  path: Assets/AllSky_Skybox/Overcast Low/Sky_AllSky_Overcast4_Low_Cam_2_Left+X.png
  artifactKey: Guid(4b922104744dc4f5ab309b556a7677da) Importer(815301076,1909f56bfc062723c751e8b465ee728b)
Start importing Assets/AllSky_Skybox/Overcast Low/Sky_AllSky_Overcast4_Low_Cam_2_Left+X.png using Guid(4b922104744dc4f5ab309b556a7677da) Importer(815301076,1909f56bfc062723c751e8b465ee728b)  -> (artifact id: 'f5124b79d5525d7c118cb6ebf620e27e') in 0.017532 seconds 
========================================================================
Received Import Request.
  Time since last request: 0.000124 seconds.
  path: Assets/BrokenVector_Rocks/LowPolyRockPack/Models/Rock Type6 01.dae
  artifactKey: Guid(5f0c6f2eeb60c374aad117bde2bd80a1) Importer(815301076,1909f56bfc062723c751e8b465ee728b)
Start importing Assets/BrokenVector_Rocks/LowPolyRockPack/Models/Rock Type6 01.dae using Guid(5f0c6f2eeb60c374aad117bde2bd80a1) Importer(815301076,1909f56bfc062723c751e8b465ee728b)  -> (artifact id: '3b834de1a5442934bcd6759c77fab469') in 0.015086 seconds 
========================================================================
Received Import Request.
  Time since last request: 0.000074 seconds.
  path: Assets/Textures
  artifactKey: Guid(89bd2fcedf3914eed9fdc843491d7946) Importer(815301076,1909f56bfc062723c751e8b465ee728b)
Start importing Assets/Textures using Guid(89bd2fcedf3914eed9fdc843491d7946) Importer(815301076,1909f56bfc062723c751e8b465ee728b)  -> (artifact id: '1a0e64ea2d9da969ec90b22b14cb2b52') in 0.001117 seconds 
========================================================================
Received Import Request.
  Time since last request: 0.000072 seconds.
  path: Assets/Textures/Marble.jpeg
  artifactKey: Guid(e70870be29de34c9bbd5f72d13a4838e) Importer(815301076,1909f56bfc062723c751e8b465ee728b)
Start importing Assets/Textures/Marble.jpeg using Guid(e70870be29de34c9bbd5f72d13a4838e) Importer(815301076,1909f56bfc062723c751e8b465ee728b)  -> (artifact id: 'a9a1617d73acaad964f0dd50f430a09b') in 1.054224 seconds 
========================================================================
Received Import Request.
  Time since last request: 0.000072 seconds.
  path: Assets/Normal Maps
  artifactKey: Guid(82f3ecc729715467fb5061f963d78352) Importer(815301076,1909f56bfc062723c751e8b465ee728b)
Start importing Assets/Normal Maps using Guid(82f3ecc729715467fb5061f963d78352) Importer(815301076,1909f56bfc062723c751e8b465ee728b)  -> (artifact id: 'd781c9dd1076e799eec78a166bbe8430') in 0.000971 seconds 
========================================================================
Received Import Request.
  Time since last request: 0.000185 seconds.
  path: Assets/Normal Maps/Marble_Normal.jpg
  artifactKey: Guid(556c495d8bbbc4a79bcb5befab43a910) Importer(815301076,1909f56bfc062723c751e8b465ee728b)
Start importing Assets/Normal Maps/Marble_Normal.jpg using Guid(556c495d8bbbc4a79bcb5befab43a910) Importer(815301076,1909f56bfc062723c751e8b465ee728b)  -> (artifact id: 'a985a5df1457f7964b9b8271d437f514') in 0.008520 seconds 
========================================================================
Received Import Request.
  Time since last request: 0.000084 seconds.
  path: Assets/AllSky_Skybox/Overcast Low/Sky_AllSky_Overcast4_Low_Cam_3_Right-X.png
  artifactKey: Guid(0ccd1239645f54012a6ea72739d04982) Importer(815301076,1909f56bfc062723c751e8b465ee728b)
Start importing Assets/AllSky_Skybox/Overcast Low/Sky_AllSky_Overcast4_Low_Cam_3_Right-X.png using Guid(0ccd1239645f54012a6ea72739d04982) Importer(815301076,1909f56bfc062723c751e8b465ee728b)  -> (artifact id: '2264992bd103787072afa9b5077a76a1') in 0.009767 seconds 
========================================================================
Received Import Request.
  Time since last request: 0.001335 seconds.
  path: Assets/AllSky_Skybox/Overcast Low/Sky_AllSky_Overcast4_Low_Cam_4_Up+Y.png
  artifactKey: Guid(93ce6277acd7243f685c04cc3c1d0cc4) Importer(815301076,1909f56bfc062723c751e8b465ee728b)
Start importing Assets/AllSky_Skybox/Overcast Low/Sky_AllSky_Overcast4_Low_Cam_4_Up+Y.png using Guid(93ce6277acd7243f685c04cc3c1d0cc4) Importer(815301076,1909f56bfc062723c751e8b465ee728b)  -> (artifact id: 'c0d2d76053371a3254f04f5100cc16a6') in 0.010408 seconds 
========================================================================
Received Import Request.
  Time since last request: 0.000080 seconds.
  path: Assets/BrokenVector_Rocks/LowPolyRockPack/Textures
  artifactKey: Guid(7dd2a1377c5af5349a73d368442f42e9) Importer(815301076,1909f56bfc062723c751e8b465ee728b)
Start importing Assets/BrokenVector_Rocks/LowPolyRockPack/Textures using Guid(7dd2a1377c5af5349a73d368442f42e9) Importer(815301076,1909f56bfc062723c751e8b465ee728b)  -> (artifact id: 'b22b400448f0aff9e275535895dd5529') in 0.001003 seconds 
========================================================================
Received Import Request.
  Time since last request: 0.000093 seconds.
  path: Assets/AllSky_Skybox/AllSkyFree_Menu.cs
  artifactKey: Guid(c5dd129e81d3e470caf84a5afbf8793e) Importer(815301076,1909f56bfc062723c751e8b465ee728b)
Start importing Assets/AllSky_Skybox/AllSkyFree_Menu.cs using Guid(c5dd129e81d3e470caf84a5afbf8793e) Importer(815301076,1909f56bfc062723c751e8b465ee728b)  -> (artifact id: '4ff9ab0fde05010663e6948f3e664793') in 0.200913 seconds 
========================================================================
Received Import Request.
  Time since last request: 0.000109 seconds.
  path: Assets/BrokenVector_Rocks/LowPolyRockPack/Prefabs/Rock Type3 03.prefab
  artifactKey: Guid(be320b6d231cacc4894038f2c3375674) Importer(815301076,1909f56bfc062723c751e8b465ee728b)
Start importing Assets/BrokenVector_Rocks/LowPolyRockPack/Prefabs/Rock Type3 03.prefab using Guid(be320b6d231cacc4894038f2c3375674) Importer(815301076,1909f56bfc062723c751e8b465ee728b)  -> (artifact id: '58955438ca57cf1a17c8c2d03ad61b83') in 0.008605 seconds 
========================================================================
Received Import Request.
  Time since last request: 0.000076 seconds.
  path: Assets/BrokenVector_Rocks/LowPolyRockPack/Models/Rock Type3 04.dae
  artifactKey: Guid(f50da248aa3fb334ab1caff0974120bf) Importer(815301076,1909f56bfc062723c751e8b465ee728b)
Start importing Assets/BrokenVector_Rocks/LowPolyRockPack/Models/Rock Type3 04.dae using Guid(f50da248aa3fb334ab1caff0974120bf) Importer(815301076,1909f56bfc062723c751e8b465ee728b)  -> (artifact id: '4a48cd8b8dcff6b28f8b658adc3eb784') in 0.012602 seconds 
========================================================================
Received Import Request.
  Time since last request: 0.000093 seconds.
  path: Assets/BrokenVector_Rocks/LowPolyRockPack/Models/Rock Type4 01.dae
  artifactKey: Guid(4f025ccab8429664ea3422a254c221ca) Importer(815301076,1909f56bfc062723c751e8b465ee728b)
Start importing Assets/BrokenVector_Rocks/LowPolyRockPack/Models/Rock Type4 01.dae using Guid(4f025ccab8429664ea3422a254c221ca) Importer(815301076,1909f56bfc062723c751e8b465ee728b)  -> (artifact id: 'eeaa8d91a08874320af6c5a5e530cd83') in 0.012859 seconds 
========================================================================
Received Import Request.
  Time since last request: 0.000068 seconds.
  path: Assets/Materials
  artifactKey: Guid(b8737bda40cea468a85967aad932175a) Importer(815301076,1909f56bfc062723c751e8b465ee728b)
Start importing Assets/Materials using Guid(b8737bda40cea468a85967aad932175a) Importer(815301076,1909f56bfc062723c751e8b465ee728b)  -> (artifact id: '40106ba60a4f352d31a873610527b782') in 0.000888 seconds 
========================================================================
Received Import Request.
  Time since last request: 0.000059 seconds.
  path: Assets/AllSky_Skybox/Overcast Low/Materials
  artifactKey: Guid(f66d111a8326643dba183bd85457ce3f) Importer(815301076,1909f56bfc062723c751e8b465ee728b)
Start importing Assets/AllSky_Skybox/Overcast Low/Materials using Guid(f66d111a8326643dba183bd85457ce3f) Importer(815301076,1909f56bfc062723c751e8b465ee728b)  -> (artifact id: 'bccddc3d4729950c88be1e684bf35442') in 0.000727 seconds 
========================================================================
Received Import Request.
  Time since last request: 0.000215 seconds.
  path: Assets/BrokenVector_Rocks/LowPolyRockPack/Prefabs/Rock Type5 02.prefab
  artifactKey: Guid(f584b275cfb132f48a2ec91fd9d1b576) Importer(815301076,1909f56bfc062723c751e8b465ee728b)
Start importing Assets/BrokenVector_Rocks/LowPolyRockPack/Prefabs/Rock Type5 02.prefab using Guid(f584b275cfb132f48a2ec91fd9d1b576) Importer(815301076,1909f56bfc062723c751e8b465ee728b)  -> (artifact id: '018b0815a0fef68db105be296bda8d2c') in 0.008480 seconds 
========================================================================
Received Import Request.
  Time since last request: 0.000080 seconds.
  path: Assets/Materials/Marble.mat
  artifactKey: Guid(b944498c7e4b3436d8025942daa7774f) Importer(815301076,1909f56bfc062723c751e8b465ee728b)
Start importing Assets/Materials/Marble.mat using Guid(b944498c7e4b3436d8025942daa7774f) Importer(815301076,1909f56bfc062723c751e8b465ee728b)  -> (artifact id: 'dcb6088bdd181f368d216e22f51cb7c6') in 0.125369 seconds 
========================================================================
Received Import Request.
  Time since last request: 0.000068 seconds.
  path: Assets/BrokenVector_Rocks/LowPolyRockPack/Prefabs/Rock Type5 03.prefab
  artifactKey: Guid(1fdb4e5d510354f43bcd6ed13b8eb3be) Importer(815301076,1909f56bfc062723c751e8b465ee728b)
Start importing Assets/BrokenVector_Rocks/LowPolyRockPack/Prefabs/Rock Type5 03.prefab using Guid(1fdb4e5d510354f43bcd6ed13b8eb3be) Importer(815301076,1909f56bfc062723c751e8b465ee728b)  -> (artifact id: 'b582fa8183faa44365a5727852d9db1e') in 0.008482 seconds 
========================================================================
Received Import Request.
  Time since last request: 0.000067 seconds.
  path: Assets/BrokenVector_Rocks/LowPolyRockPack/Models/Rock Type3 01.dae
  artifactKey: Guid(d01883e876066d54280ca7ceb187f173) Importer(815301076,1909f56bfc062723c751e8b465ee728b)
Start importing Assets/BrokenVector_Rocks/LowPolyRockPack/Models/Rock Type3 01.dae using Guid(d01883e876066d54280ca7ceb187f173) Importer(815301076,1909f56bfc062723c751e8b465ee728b)  -> (artifact id: '2424f45ef5f35f2be45427634662fbde') in 0.012573 seconds 
========================================================================
Received Import Request.
  Time since last request: 0.000088 seconds.
  path: Assets/_Scenes/PrimitivesGallery.unity
  artifactKey: Guid(2043dfe366f3d4d41b75e890b658be85) Importer(815301076,1909f56bfc062723c751e8b465ee728b)
Start importing Assets/_Scenes/PrimitivesGallery.unity using Guid(2043dfe366f3d4d41b75e890b658be85) Importer(815301076,1909f56bfc062723c751e8b465ee728b)  -> (artifact id: '5c4cba8121c49985bad16af5695fd5dd') in 0.001138 seconds 
========================================================================
Received Import Request.
  Time since last request: 0.000054 seconds.
  path: Assets/BrokenVector_Rocks/LowPolyRockPack/Textures/Colorsheet Rock Orange.png
  artifactKey: Guid(373999fd26f1a054dab3611997559ef1) Importer(815301076,1909f56bfc062723c751e8b465ee728b)
Start importing Assets/BrokenVector_Rocks/LowPolyRockPack/Textures/Colorsheet Rock Orange.png using Guid(373999fd26f1a054dab3611997559ef1) Importer(815301076,1909f56bfc062723c751e8b465ee728b)  -> (artifact id: '63e2965b9f26247fbae3c19986003867') in 0.005659 seconds 
========================================================================
Received Import Request.
  Time since last request: 0.000079 seconds.
  path: Assets/BrokenVector_Rocks/LowPolyRockPack/Models/Rock Type4 02.dae
  artifactKey: Guid(2aeea187d4a9dce4da2f26d62f5bbc96) Importer(815301076,1909f56bfc062723c751e8b465ee728b)
Start importing Assets/BrokenVector_Rocks/LowPolyRockPack/Models/Rock Type4 02.dae using Guid(2aeea187d4a9dce4da2f26d62f5bbc96) Importer(815301076,1909f56bfc062723c751e8b465ee728b)  -> (artifact id: '1c026f7e7d4a3621e83136b2a60f91f1') in 0.012077 seconds 
========================================================================
Received Import Request.
  Time since last request: 0.000080 seconds.
  path: Assets/BrokenVector_Rocks/LowPolyRockPack/Models/Rock Type2 04.dae
  artifactKey: Guid(19497d68b37d2594fb3e269601d333be) Importer(815301076,1909f56bfc062723c751e8b465ee728b)
Start importing Assets/BrokenVector_Rocks/LowPolyRockPack/Models/Rock Type2 04.dae using Guid(19497d68b37d2594fb3e269601d333be) Importer(815301076,1909f56bfc062723c751e8b465ee728b)  -> (artifact id: 'f6d6942f47f960bdcb1700a9e95d1002') in 0.012416 seconds 
========================================================================
Received Import Request.
  Time since last request: 0.000109 seconds.
  path: Assets/AllSky_Skybox/Overcast Low/Sky_AllSky_Overcast4_Low_Cam_1_Back-Z.png
  artifactKey: Guid(4efb8fd75703d43cab6f01b240a7c945) Importer(815301076,1909f56bfc062723c751e8b465ee728b)
Start importing Assets/AllSky_Skybox/Overcast Low/Sky_AllSky_Overcast4_Low_Cam_1_Back-Z.png using Guid(4efb8fd75703d43cab6f01b240a7c945) Importer(815301076,1909f56bfc062723c751e8b465ee728b)  -> (artifact id: '92d154495504d2e14ff78ff638d5d22d') in 0.009963 seconds 
========================================================================
Received Import Request.
  Time since last request: 0.000077 seconds.
  path: Assets/BrokenVector_Rocks/LowPolyRockPack/Textures/Colorsheet Rock Green.png
  artifactKey: Guid(261daef070ff0384db9965e419ec9f35) Importer(815301076,1909f56bfc062723c751e8b465ee728b)
Start importing Assets/BrokenVector_Rocks/LowPolyRockPack/Textures/Colorsheet Rock Green.png using Guid(261daef070ff0384db9965e419ec9f35) Importer(815301076,1909f56bfc062723c751e8b465ee728b)  -> (artifact id: 'ff3043497eea95f78fa65d56648c149e') in 0.005785 seconds 
========================================================================
Received Import Request.
  Time since last request: 0.000081 seconds.
  path: Assets/Prefabs/pedestal.prefab
  artifactKey: Guid(049f5bbb0b7ce4cd998f28e79d2f83fb) Importer(815301076,1909f56bfc062723c751e8b465ee728b)
Start importing Assets/Prefabs/pedestal.prefab using Guid(049f5bbb0b7ce4cd998f28e79d2f83fb) Importer(815301076,1909f56bfc062723c751e8b465ee728b)  -> (artifact id: '63c2e879e444611e6fcc5427ea9da259') in 0.049715 seconds 
========================================================================
Received Import Request.
  Time since last request: 0.000069 seconds.
  path: Assets/BrokenVector_Rocks/LowPolyRockPack/Prefabs/Rock Type6 04.prefab
  artifactKey: Guid(7710ce4a7ee932b4a86742119e3babae) Importer(815301076,1909f56bfc062723c751e8b465ee728b)
Start importing Assets/BrokenVector_Rocks/LowPolyRockPack/Prefabs/Rock Type6 04.prefab using Guid(7710ce4a7ee932b4a86742119e3babae) Importer(815301076,1909f56bfc062723c751e8b465ee728b)  -> (artifact id: 'acae6d615f9808599031efbf24b26fab') in 0.008861 seconds 
========================================================================
Received Import Request.
  Time since last request: 0.000068 seconds.
  path: Assets/BrokenVector_Rocks/LowPolyRockPack/Models/Rock Type4 04.dae
  artifactKey: Guid(4ae004581940d5b4893d1326d72ca2d7) Importer(815301076,1909f56bfc062723c751e8b465ee728b)
Start importing Assets/BrokenVector_Rocks/LowPolyRockPack/Models/Rock Type4 04.dae using Guid(4ae004581940d5b4893d1326d72ca2d7) Importer(815301076,1909f56bfc062723c751e8b465ee728b)  -> (artifact id: 'b4501f631c2a7467782a734f6000a383') in 0.012568 seconds 
========================================================================
Received Import Request.
  Time since last request: 0.000079 seconds.
  path: Assets/BrokenVector_Rocks/LowPolyRockPack/Prefabs/Rock Type4 02.prefab
  artifactKey: Guid(3a699487877e77b439ff09deb77625e5) Importer(815301076,1909f56bfc062723c751e8b465ee728b)
Start importing Assets/BrokenVector_Rocks/LowPolyRockPack/Prefabs/Rock Type4 02.prefab using Guid(3a699487877e77b439ff09deb77625e5) Importer(815301076,1909f56bfc062723c751e8b465ee728b)  -> (artifact id: 'e5ca86f86ee5bc17eef37c70fa8829d5') in 0.008477 seconds 
========================================================================
Received Import Request.
  Time since last request: 0.000067 seconds.
  path: Assets/AllSky_Skybox/AllSkyFree_Readme.txt
  artifactKey: Guid(b5443709c18b745a19a0a71636938ca9) Importer(815301076,1909f56bfc062723c751e8b465ee728b)
Start importing Assets/AllSky_Skybox/AllSkyFree_Readme.txt using Guid(b5443709c18b745a19a0a71636938ca9) Importer(815301076,1909f56bfc062723c751e8b465ee728b)  -> (artifact id: '316c56525e5a3f37ab7d57d59bb3d831') in 2.037758 seconds 
========================================================================
Received Import Request.
  Time since last request: 0.000072 seconds.
  path: Assets/AllSky_Skybox/Overcast Low
  artifactKey: Guid(63e1d590517f54841ad8cf519edf1256) Importer(815301076,1909f56bfc062723c751e8b465ee728b)
Start importing Assets/AllSky_Skybox/Overcast Low using Guid(63e1d590517f54841ad8cf519edf1256) Importer(815301076,1909f56bfc062723c751e8b465ee728b)  -> (artifact id: '7a40dd8d4c514043d5980374f764d13b') in 0.000858 seconds 
========================================================================
Received Import Request.
  Time since last request: 0.001092 seconds.
  path: Assets/Scripts/HelloWorld.cs
  artifactKey: Guid(6fe9c711ac5a44e2c860af92bdedf5de) Importer(815301076,1909f56bfc062723c751e8b465ee728b)
Start importing Assets/Scripts/HelloWorld.cs using Guid(6fe9c711ac5a44e2c860af92bdedf5de) Importer(815301076,1909f56bfc062723c751e8b465ee728b)  -> (artifact id: '26598a206344bd9e654803cbee8973a5') in 0.001892 seconds 
========================================================================
Received Import Request.
  Time since last request: 0.000064 seconds.
  path: Assets/BrokenVector_Rocks/LowPolyRockPack/Prefabs/Rock Type3 02.prefab
  artifactKey: Guid(61b490990a08faa419b1bb6a6708ad09) Importer(815301076,1909f56bfc062723c751e8b465ee728b)
Start importing Assets/BrokenVector_Rocks/LowPolyRockPack/Prefabs/Rock Type3 02.prefab using Guid(61b490990a08faa419b1bb6a6708ad09) Importer(815301076,1909f56bfc062723c751e8b465ee728b)  -> (artifact id: 'ceaba22daed095f338ed88d1f508222c') in 0.008870 seconds 
========================================================================
Received Import Request.
  Time since last request: 0.001242 seconds.
  path: Assets/BrokenVector_Rocks/LowPolyRockPack/Prefabs/Rock Type1 02.prefab
  artifactKey: Guid(dc8f0d303746c2a4b89ee60884906304) Importer(815301076,1909f56bfc062723c751e8b465ee728b)
Start importing Assets/BrokenVector_Rocks/LowPolyRockPack/Prefabs/Rock Type1 02.prefab using Guid(dc8f0d303746c2a4b89ee60884906304) Importer(815301076,1909f56bfc062723c751e8b465ee728b)  -> (artifact id: 'f29af743b562c5f5457284457e27d918') in 0.009956 seconds 
========================================================================
Received Import Request.
  Time since last request: 0.000088 seconds.
  path: Assets/AllSky_Skybox/Overcast Low/AllSky_Overcast4_Low.png
  artifactKey: Guid(c8f21f62fdb3e43c5b32917c84683698) Importer(815301076,1909f56bfc062723c751e8b465ee728b)
Start importing Assets/AllSky_Skybox/Overcast Low/AllSky_Overcast4_Low.png using Guid(c8f21f62fdb3e43c5b32917c84683698) Importer(815301076,1909f56bfc062723c751e8b465ee728b)  -> (artifact id: '905a251a692bae0e3f1f2556e9c1155f') in 0.187273 seconds 
========================================================================
Received Import Request.
  Time since last request: 0.000096 seconds.
  path: Assets/AllSky_Skybox/Overcast Low/AllSky_Overcast4_Low Equirect.mat
  artifactKey: Guid(54fe2f000ad8f424fb63cc3ea0ae2bb2) Importer(815301076,1909f56bfc062723c751e8b465ee728b)
Start importing Assets/AllSky_Skybox/Overcast Low/AllSky_Overcast4_Low Equirect.mat using Guid(54fe2f000ad8f424fb63cc3ea0ae2bb2) Importer(815301076,1909f56bfc062723c751e8b465ee728b)  -> (artifact id: '4b6e68f4faa04e302dbb2ba5d7c5820b') in 0.046392 seconds 
========================================================================
Received Import Request.
  Time since last request: 0.000084 seconds.
  path: Assets/Scripts/Rotator.cs
  artifactKey: Guid(63b30dbc72c27422c8fa31782ca680bc) Importer(815301076,1909f56bfc062723c751e8b465ee728b)
Start importing Assets/Scripts/Rotator.cs using Guid(63b30dbc72c27422c8fa31782ca680bc) Importer(815301076,1909f56bfc062723c751e8b465ee728b)  -> (artifact id: '8ccc63c64778740042ad6efd74d97e01') in 0.001996 seconds 
========================================================================
Received Import Request.
  Time since last request: 0.001242 seconds.
  path: Assets/AllSky_Skybox/Overcast Low/AllSky_Overcast4_Low.mat
  artifactKey: Guid(f2b5f3f20933f434e850db1b710542fd) Importer(815301076,1909f56bfc062723c751e8b465ee728b)
Start importing Assets/AllSky_Skybox/Overcast Low/AllSky_Overcast4_Low.mat using Guid(f2b5f3f20933f434e850db1b710542fd) Importer(815301076,1909f56bfc062723c751e8b465ee728b)  -> (artifact id: '1d243a95cad2a0af4a42a23b5319eea2') in 0.530796 seconds 
========================================================================
Received Import Request.
  Time since last request: 0.000070 seconds.
  path: Assets/Models
  artifactKey: Guid(7f84b0c3791cb4f9bb105127f4dbc71d) Importer(815301076,1909f56bfc062723c751e8b465ee728b)
Start importing Assets/Models using Guid(7f84b0c3791cb4f9bb105127f4dbc71d) Importer(815301076,1909f56bfc062723c751e8b465ee728b)  -> (artifact id: '29e43dc2c2830674789d29f95ec7e6c7') in 0.001205 seconds 
========================================================================
Received Import Request.
  Time since last request: 0.000067 seconds.
  path: Assets/BrokenVector_Rocks/LowPolyRockPack/Prefabs/Rock Type6 01.prefab
  artifactKey: Guid(78a4b58c8edc1884e932497bbb0da899) Importer(815301076,1909f56bfc062723c751e8b465ee728b)
Start importing Assets/BrokenVector_Rocks/LowPolyRockPack/Prefabs/Rock Type6 01.prefab using Guid(78a4b58c8edc1884e932497bbb0da899) Importer(815301076,1909f56bfc062723c751e8b465ee728b)  -> (artifact id: 'a40e9483c24f856c1ebc01fc1f1501f3') in 0.008764 seconds 
========================================================================
Received Import Request.
  Time since last request: 0.000104 seconds.
  path: Assets/_Scenes/Video 4.8.unity
  artifactKey: Guid(a92c7550f1da9466da56d9f556f034c4) Importer(815301076,1909f56bfc062723c751e8b465ee728b)
Start importing Assets/_Scenes/Video 4.8.unity using Guid(a92c7550f1da9466da56d9f556f034c4) Importer(815301076,1909f56bfc062723c751e8b465ee728b)  -> (artifact id: '9856c0d80851c1ab8449ade8058b75f1') in 0.001267 seconds 
========================================================================
Received Import Request.
  Time since last request: 0.000077 seconds.
  path: Assets/BrokenVector_Rocks/LowPolyRockPack/Prefabs/Rock Type6 03.prefab
  artifactKey: Guid(48333a5aa700be24c963813c82ef05d9) Importer(815301076,1909f56bfc062723c751e8b465ee728b)
Start importing Assets/BrokenVector_Rocks/LowPolyRockPack/Prefabs/Rock Type6 03.prefab using Guid(48333a5aa700be24c963813c82ef05d9) Importer(815301076,1909f56bfc062723c751e8b465ee728b)  -> (artifact id: '513b5e31cbfc8e30a7eed8d2ecc0e25a') in 0.008740 seconds 
========================================================================
Received Import Request.
  Time since last request: 0.000089 seconds.
  path: Assets/BrokenVector_Rocks
  artifactKey: Guid(3986eca1bacd84050acf5bc6351d1a26) Importer(815301076,1909f56bfc062723c751e8b465ee728b)
Start importing Assets/BrokenVector_Rocks using Guid(3986eca1bacd84050acf5bc6351d1a26) Importer(815301076,1909f56bfc062723c751e8b465ee728b)  -> (artifact id: 'e563c70ddfdee1b923242b5ad3166a57') in 0.001079 seconds 
========================================================================
Received Import Request.
  Time since last request: 0.000099 seconds.
  path: Assets/BrokenVector_Rocks/LowPolyRockPack/Materials/Green.mat
  artifactKey: Guid(58580be5a1ee44d42a9966d48abb8758) Importer(815301076,1909f56bfc062723c751e8b465ee728b)
Start importing Assets/BrokenVector_Rocks/LowPolyRockPack/Materials/Green.mat using Guid(58580be5a1ee44d42a9966d48abb8758) Importer(815301076,1909f56bfc062723c751e8b465ee728b)  -> (artifact id: 'ad87167e93423d1b02cbf66ccc97a091') in 0.008427 seconds 
========================================================================
Received Import Request.
  Time since last request: 0.000158 seconds.
  path: Assets/_Scenes
  artifactKey: Guid(6ea315d0fd7389c41b19996891e99ae3) Importer(815301076,1909f56bfc062723c751e8b465ee728b)
Start importing Assets/_Scenes using Guid(6ea315d0fd7389c41b19996891e99ae3) Importer(815301076,1909f56bfc062723c751e8b465ee728b)  -> (artifact id: '96e1bf1849dc99d3bc24b095b1dd9569') in 0.001248 seconds 
========================================================================
Received Import Request.
  Time since last request: 0.002584 seconds.
  path: Assets/_Scenes/SampleScene.unity
  artifactKey: Guid(9fc0d4010bbf28b4594072e72b8655ab) Importer(815301076,1909f56bfc062723c751e8b465ee728b)
Start importing Assets/_Scenes/SampleScene.unity using Guid(9fc0d4010bbf28b4594072e72b8655ab) Importer(815301076,1909f56bfc062723c751e8b465ee728b)  -> (artifact id: 'fa3a7c3791fd5763b04faa00e05d508a') in 0.000949 seconds 
========================================================================
Received Import Request.
  Time since last request: 0.000192 seconds.
  path: Assets/BrokenVector_Rocks/LowPolyRockPack/Prefabs/Rock Type5 01.prefab
  artifactKey: Guid(e9cb95ee3e55d914bbd4e5eb2d0a510c) Importer(815301076,1909f56bfc062723c751e8b465ee728b)
Start importing Assets/BrokenVector_Rocks/LowPolyRockPack/Prefabs/Rock Type5 01.prefab using Guid(e9cb95ee3e55d914bbd4e5eb2d0a510c) Importer(815301076,1909f56bfc062723c751e8b465ee728b)  -> (artifact id: 'ecde0367b598ed235975c08ba4a9213a') in 0.008250 seconds 
========================================================================
Received Import Request.
  Time since last request: 0.001134 seconds.
  path: Assets/BrokenVector_Rocks/LowPolyRockPack/Models/Rock Type6 04.dae
  artifactKey: Guid(c4534353dff9c6c468c490e0560f8f91) Importer(815301076,1909f56bfc062723c751e8b465ee728b)
Start importing Assets/BrokenVector_Rocks/LowPolyRockPack/Models/Rock Type6 04.dae using Guid(c4534353dff9c6c468c490e0560f8f91) Importer(815301076,1909f56bfc062723c751e8b465ee728b)  -> (artifact id: 'd1285b1159dcc096a43345ef69b5b507') in 0.012150 seconds 
========================================================================
Received Import Request.
  Time since last request: 0.001338 seconds.
  path: Assets/BrokenVector_Rocks/LowPolyRockPack/Materials/Sand.mat
  artifactKey: Guid(ab1c456102124f54b9ac73a185735796) Importer(815301076,1909f56bfc062723c751e8b465ee728b)
Start importing Assets/BrokenVector_Rocks/LowPolyRockPack/Materials/Sand.mat using Guid(ab1c456102124f54b9ac73a185735796) Importer(815301076,1909f56bfc062723c751e8b465ee728b)  -> (artifact id: '2829d717c82b96a0b5946a9661aba453') in 0.008227 seconds 
========================================================================
Received Import Request.
  Time since last request: 0.000067 seconds.
  path: Assets/BrokenVector_Rocks/LowPolyRockPack/Materials
  artifactKey: Guid(7126f6c4101bdaf48b0c2d2d8087329f) Importer(815301076,1909f56bfc062723c751e8b465ee728b)
Start importing Assets/BrokenVector_Rocks/LowPolyRockPack/Materials using Guid(7126f6c4101bdaf48b0c2d2d8087329f) Importer(815301076,1909f56bfc062723c751e8b465ee728b)  -> (artifact id: 'f52b1a00decad12732517b75a6d12429') in 0.000848 seconds 
========================================================================
Received Import Request.
  Time since last request: 0.000060 seconds.
  path: Assets/BrokenVector_Rocks/LowPolyRockPack/Models
  artifactKey: Guid(98a9a7689e636484b90e071418dbf482) Importer(815301076,1909f56bfc062723c751e8b465ee728b)
Start importing Assets/BrokenVector_Rocks/LowPolyRockPack/Models using Guid(98a9a7689e636484b90e071418dbf482) Importer(815301076,1909f56bfc062723c751e8b465ee728b)  -> (artifact id: 'df845e67f7945bd999cc5d8d601a2899') in 0.000704 seconds 
========================================================================
Received Import Request.
  Time since last request: 0.000103 seconds.
  path: Assets/Materials/Concrete.mat
  artifactKey: Guid(6e306ee3d314e48bcb3443109e214422) Importer(815301076,1909f56bfc062723c751e8b465ee728b)
Start importing Assets/Materials/Concrete.mat using Guid(6e306ee3d314e48bcb3443109e214422) Importer(815301076,1909f56bfc062723c751e8b465ee728b)  -> (artifact id: '3c6d13021705d55754046b4f73da09ba') in 0.096174 seconds 
========================================================================
Received Import Request.
  Time since last request: 0.000080 seconds.
  path: Assets/BrokenVector_Rocks/LowPolyRockPack/Prefabs/Rock Type4 03.prefab
  artifactKey: Guid(491333d4c0bd88148813a9dde7fe955b) Importer(815301076,1909f56bfc062723c751e8b465ee728b)
Start importing Assets/BrokenVector_Rocks/LowPolyRockPack/Prefabs/Rock Type4 03.prefab using Guid(491333d4c0bd88148813a9dde7fe955b) Importer(815301076,1909f56bfc062723c751e8b465ee728b)  -> (artifact id: '43128876a21a07e8f94f4ce5da0ece33') in 0.008919 seconds 
========================================================================
Received Import Request.
  Time since last request: 0.000068 seconds.
  path: Assets/BrokenVector_Rocks/LowPolyRockPack/Prefabs/Rock Type2 02.prefab
  artifactKey: Guid(41dcf1459594f434a8a9bae6ae03eab0) Importer(815301076,1909f56bfc062723c751e8b465ee728b)
Start importing Assets/BrokenVector_Rocks/LowPolyRockPack/Prefabs/Rock Type2 02.prefab using Guid(41dcf1459594f434a8a9bae6ae03eab0) Importer(815301076,1909f56bfc062723c751e8b465ee728b)  -> (artifact id: 'f5f3d06bfd5e87b96359b3cef5280dd7') in 0.008937 seconds 
========================================================================
Received Import Request.
  Time since last request: 0.000071 seconds.
  path: Assets/BrokenVector_Rocks/LowPolyRockPack/Prefabs/Rock Type3 01.prefab
  artifactKey: Guid(b73c6c1069411b947aaaa9d12c37c652) Importer(815301076,1909f56bfc062723c751e8b465ee728b)
Start importing Assets/BrokenVector_Rocks/LowPolyRockPack/Prefabs/Rock Type3 01.prefab using Guid(b73c6c1069411b947aaaa9d12c37c652) Importer(815301076,1909f56bfc062723c751e8b465ee728b)  -> (artifact id: '74406bc76df8372652fbf549ea8cddec') in 0.008613 seconds 
========================================================================
Received Import Request.
  Time since last request: 0.000067 seconds.
  path: Assets/Scripts
  artifactKey: Guid(3c5488f867df947dd88f62a921ffaf8b) Importer(815301076,1909f56bfc062723c751e8b465ee728b)
Start importing Assets/Scripts using Guid(3c5488f867df947dd88f62a921ffaf8b) Importer(815301076,1909f56bfc062723c751e8b465ee728b)  -> (artifact id: 'b1e45c21325fddd1f9c4502d277d0424') in 0.000973 seconds 
========================================================================
Received Import Request.
  Time since last request: 0.000201 seconds.
  path: Assets/AllSky_Skybox/Overcast Low/Materials/AllSky_Overcast4_Low.mat
  artifactKey: Guid(e711f54060afd43f386cd00bd40db935) Importer(815301076,1909f56bfc062723c751e8b465ee728b)
Start importing Assets/AllSky_Skybox/Overcast Low/Materials/AllSky_Overcast4_Low.mat using Guid(e711f54060afd43f386cd00bd40db935) Importer(815301076,1909f56bfc062723c751e8b465ee728b)  -> (artifact id: 'cc0af34d07dbff4270b83f2661913b65') in 0.021769 seconds 
========================================================================
Received Import Request.
  Time since last request: 0.000070 seconds.
  path: Assets/BrokenVector_Rocks/LowPolyRockPack/Models/Rock Type5 02.dae
  artifactKey: Guid(ee344ff51e4ffbb41949e122c861e46d) Importer(815301076,1909f56bfc062723c751e8b465ee728b)
Start importing Assets/BrokenVector_Rocks/LowPolyRockPack/Models/Rock Type5 02.dae using Guid(ee344ff51e4ffbb41949e122c861e46d) Importer(815301076,1909f56bfc062723c751e8b465ee728b)  -> (artifact id: '0348aa91df6789f99a2681eb09f76c98') in 0.013033 seconds 
========================================================================
Received Import Request.
  Time since last request: 0.000072 seconds.
  path: Assets/Prefabs
  artifactKey: Guid(93c3502a04503435fb872a72c7c1d0e4) Importer(815301076,1909f56bfc062723c751e8b465ee728b)
Start importing Assets/Prefabs using Guid(93c3502a04503435fb872a72c7c1d0e4) Importer(815301076,1909f56bfc062723c751e8b465ee728b)  -> (artifact id: 'a9eadc322b6977454b97ae50b006bfc7') in 0.000870 seconds 
========================================================================
Received Import Request.
  Time since last request: 0.000155 seconds.
  path: Assets/BrokenVector_Rocks/LowPolyRockPack/Models/Rock Type4 03.dae
  artifactKey: Guid(b8ebafa78dff0064cb20deada72cb631) Importer(815301076,1909f56bfc062723c751e8b465ee728b)
Start importing Assets/BrokenVector_Rocks/LowPolyRockPack/Models/Rock Type4 03.dae using Guid(b8ebafa78dff0064cb20deada72cb631) Importer(815301076,1909f56bfc062723c751e8b465ee728b)  -> (artifact id: '5dd13ed6db0454783b5405a9f2aab4d6') in 0.013436 seconds 
========================================================================
Received Import Request.
  Time since last request: 0.000076 seconds.
  path: Assets/BrokenVector_Rocks/LowPolyRockPack/Models/Rock Type5 04.dae
  artifactKey: Guid(63d2b0fa33464ad49bcded49a4303d23) Importer(815301076,1909f56bfc062723c751e8b465ee728b)
Start importing Assets/BrokenVector_Rocks/LowPolyRockPack/Models/Rock Type5 04.dae using Guid(63d2b0fa33464ad49bcded49a4303d23) Importer(815301076,1909f56bfc062723c751e8b465ee728b)  -> (artifact id: 'ca163a33ee3d5d92cdf7fcf77e5fbbf3') in 0.013548 seconds 
========================================================================
Received Import Request.
  Time since last request: 0.000078 seconds.
  path: Assets/BrokenVector_Rocks/LowPolyRockPack/Prefabs/Rock Type2 04.prefab
  artifactKey: Guid(5578b82f17c954843901e8b68ca21dcc) Importer(815301076,1909f56bfc062723c751e8b465ee728b)
Start importing Assets/BrokenVector_Rocks/LowPolyRockPack/Prefabs/Rock Type2 04.prefab using Guid(5578b82f17c954843901e8b68ca21dcc) Importer(815301076,1909f56bfc062723c751e8b465ee728b)  -> (artifact id: '9930e9bb63b5544c96b59dd7691ad4c0') in 0.008646 seconds 
========================================================================
Received Import Request.
  Time since last request: 0.000068 seconds.
  path: Assets/BrokenVector_Rocks/LowPolyRockPack
  artifactKey: Guid(fb6ca30714ea3ea489f5394dcfaf59e1) Importer(815301076,1909f56bfc062723c751e8b465ee728b)
Start importing Assets/BrokenVector_Rocks/LowPolyRockPack using Guid(fb6ca30714ea3ea489f5394dcfaf59e1) Importer(815301076,1909f56bfc062723c751e8b465ee728b)  -> (artifact id: 'e9e2ca4834da11192f9858fab1f2ac02') in 0.001019 seconds 
========================================================================
Received Import Request.
  Time since last request: 0.000193 seconds.
  path: Assets/BrokenVector_Rocks/LowPolyRockPack/Prefabs/Rock Type4 04.prefab
  artifactKey: Guid(ccbe3c5efe0bbed4bbe4b8651efb2db8) Importer(815301076,1909f56bfc062723c751e8b465ee728b)
Start importing Assets/BrokenVector_Rocks/LowPolyRockPack/Prefabs/Rock Type4 04.prefab using Guid(ccbe3c5efe0bbed4bbe4b8651efb2db8) Importer(815301076,1909f56bfc062723c751e8b465ee728b)  -> (artifact id: '6a2ddb4adeae2a78ea45f4b284c77e97') in 0.008912 seconds 
========================================================================
Received Import Request.
  Time since last request: 0.000070 seconds.
  path: Assets/BrokenVector_Rocks/LowPolyRockPack/Models/Rock Type3 02.dae
  artifactKey: Guid(5ccad72751160e341ad0b43ec43a620a) Importer(815301076,1909f56bfc062723c751e8b465ee728b)
Start importing Assets/BrokenVector_Rocks/LowPolyRockPack/Models/Rock Type3 02.dae using Guid(5ccad72751160e341ad0b43ec43a620a) Importer(815301076,1909f56bfc062723c751e8b465ee728b)  -> (artifact id: '7b7cc2a3937f9a8f73441226ee069d7c') in 0.013287 seconds 
========================================================================
Received Import Request.
  Time since last request: 0.000082 seconds.
  path: Assets/BrokenVector_Rocks/LowPolyRockPack/Prefabs/Rock Type5 04.prefab
  artifactKey: Guid(329d0b0187f24cd4da9f775d83708bd6) Importer(815301076,1909f56bfc062723c751e8b465ee728b)
Start importing Assets/BrokenVector_Rocks/LowPolyRockPack/Prefabs/Rock Type5 04.prefab using Guid(329d0b0187f24cd4da9f775d83708bd6) Importer(815301076,1909f56bfc062723c751e8b465ee728b)  -> (artifact id: '17ae800f529aacddab4baabcf6bda283') in 0.009106 seconds 
========================================================================
Received Import Request.
  Time since last request: 0.000074 seconds.
  path: Assets/BrokenVector_Rocks/LowPolyRockPack/Models/Rock Type5 01.dae
  artifactKey: Guid(e6630d62478f89847ba57d087ab513c5) Importer(815301076,1909f56bfc062723c751e8b465ee728b)
Start importing Assets/BrokenVector_Rocks/LowPolyRockPack/Models/Rock Type5 01.dae using Guid(e6630d62478f89847ba57d087ab513c5) Importer(815301076,1909f56bfc062723c751e8b465ee728b)  -> (artifact id: '8183e4ab04763c5842d4d196463c56d0') in 0.013629 seconds 
========================================================================
Received Import Request.
  Time since last request: 0.000066 seconds.
  path: Assets/BrokenVector_Rocks/LowPolyRockPack/Prefabs/Rock Type1 04.prefab
  artifactKey: Guid(105b83a46d287294bbe7892a1e1f2ea3) Importer(815301076,1909f56bfc062723c751e8b465ee728b)
Start importing Assets/BrokenVector_Rocks/LowPolyRockPack/Prefabs/Rock Type1 04.prefab using Guid(105b83a46d287294bbe7892a1e1f2ea3) Importer(815301076,1909f56bfc062723c751e8b465ee728b)  -> (artifact id: '61375209ed9903c3c1e024a58e05a226') in 0.008597 seconds 
========================================================================
Received Import Request.
  Time since last request: 0.000075 seconds.
  path: Assets/BrokenVector_Rocks/LowPolyRockPack/Prefabs/Rock Type6 02.prefab
  artifactKey: Guid(bcd44f8d0f766b340b72d555a8df8a72) Importer(815301076,1909f56bfc062723c751e8b465ee728b)
Start importing Assets/BrokenVector_Rocks/LowPolyRockPack/Prefabs/Rock Type6 02.prefab using Guid(bcd44f8d0f766b340b72d555a8df8a72) Importer(815301076,1909f56bfc062723c751e8b465ee728b)  -> (artifact id: '2187f24f91742e83accb1ed66e4c3b7d') in 0.008945 seconds 
========================================================================
Received Import Request.
  Time since last request: 0.000067 seconds.
  path: Assets/Scripts/CameraManager.cs
  artifactKey: Guid(51eac216bc73141f5a6c91f7807c136b) Importer(815301076,1909f56bfc062723c751e8b465ee728b)
Start importing Assets/Scripts/CameraManager.cs using Guid(51eac216bc73141f5a6c91f7807c136b) Importer(815301076,1909f56bfc062723c751e8b465ee728b)  -> (artifact id: '28214788d701ca385a8331522bd7f9f1') in 0.001765 seconds 
========================================================================
Received Import Request.
  Time since last request: 0.000073 seconds.
  path: Assets/AllSky_Skybox
  artifactKey: Guid(5d759d1c232d64f25befa4199447358d) Importer(815301076,1909f56bfc062723c751e8b465ee728b)
Start importing Assets/AllSky_Skybox using Guid(5d759d1c232d64f25befa4199447358d) Importer(815301076,1909f56bfc062723c751e8b465ee728b)  -> (artifact id: 'd76cc733fea32c5904fd0fe77454ad27') in 0.000805 seconds 
========================================================================
Received Import Request.
  Time since last request: 0.000187 seconds.
  path: Assets/AllSky_Skybox/Overcast Low/AllSky_Overcast4_Low.unity
  artifactKey: Guid(5d6a31542c4b5409faf229e819f55341) Importer(815301076,1909f56bfc062723c751e8b465ee728b)
Start importing Assets/AllSky_Skybox/Overcast Low/AllSky_Overcast4_Low.unity using Guid(5d6a31542c4b5409faf229e819f55341) Importer(815301076,1909f56bfc062723c751e8b465ee728b)  -> (artifact id: 'aeaa6961a32cfb64fc053dafd7ea3d99') in 0.000779 seconds 
========================================================================
Received Import Request.
  Time since last request: 0.000097 seconds.
  path: Assets/BrokenVector_Rocks/LowPolyRockPack/Prefabs/Rock Type3 04.prefab
  artifactKey: Guid(ace40d2a4a1290f4f96f01a7e4ecd7f7) Importer(815301076,1909f56bfc062723c751e8b465ee728b)
Start importing Assets/BrokenVector_Rocks/LowPolyRockPack/Prefabs/Rock Type3 04.prefab using Guid(ace40d2a4a1290f4f96f01a7e4ecd7f7) Importer(815301076,1909f56bfc062723c751e8b465ee728b)  -> (artifact id: '1416c96c78e9824ef4cc3ecfb81aefc2') in 0.008832 seconds 
========================================================================
Received Import Request.
  Time since last request: 0.000066 seconds.
  path: Assets/BrokenVector_Rocks/LowPolyRockPack/Textures/Colorsheet Rock Grey.png
  artifactKey: Guid(6eb1476b439514548903a089becbf46a) Importer(815301076,1909f56bfc062723c751e8b465ee728b)
Start importing Assets/BrokenVector_Rocks/LowPolyRockPack/Textures/Colorsheet Rock Grey.png using Guid(6eb1476b439514548903a089becbf46a) Importer(815301076,1909f56bfc062723c751e8b465ee728b)  -> (artifact id: '030924ee2eaab318f3d2af5774e316c9') in 0.008433 seconds 
========================================================================
Received Import Request.
  Time since last request: 0.000070 seconds.
  path: Assets/BrokenVector_Rocks/LowPolyRockPack/Prefabs
  artifactKey: Guid(79d1a871533b28849beed9b359cca993) Importer(815301076,1909f56bfc062723c751e8b465ee728b)
Start importing Assets/BrokenVector_Rocks/LowPolyRockPack/Prefabs using Guid(79d1a871533b28849beed9b359cca993) Importer(815301076,1909f56bfc062723c751e8b465ee728b)  -> (artifact id: 'fbc61277fdb1154d36d78015cc9a7725') in 0.000995 seconds 
========================================================================
Received Import Request.
  Time since last request: 0.000066 seconds.
  path: Assets/BrokenVector_Rocks/LowPolyRockPack/Models/Rock Type6 02.dae
  artifactKey: Guid(d9a37c1e81c2edd418eab77179043eb0) Importer(815301076,1909f56bfc062723c751e8b465ee728b)
Start importing Assets/BrokenVector_Rocks/LowPolyRockPack/Models/Rock Type6 02.dae using Guid(d9a37c1e81c2edd418eab77179043eb0) Importer(815301076,1909f56bfc062723c751e8b465ee728b)  -> (artifact id: 'dc373a11a5065b9be5d300e3c7280f62') in 0.013355 seconds 
========================================================================
Received Import Request.
  Time since last request: 0.000070 seconds.
  path: Assets/AllSky_Skybox/Overcast Low/Sky_AllSky_Overcast4_Low_Cam_5_Down-Y.png
  artifactKey: Guid(4164b771c2b784c2da3cbe10847a182e) Importer(815301076,1909f56bfc062723c751e8b465ee728b)
Start importing Assets/AllSky_Skybox/Overcast Low/Sky_AllSky_Overcast4_Low_Cam_5_Down-Y.png using Guid(4164b771c2b784c2da3cbe10847a182e) Importer(815301076,1909f56bfc062723c751e8b465ee728b)  -> (artifact id: 'ab675cc9c4ee62eed2825203d04d845f') in 0.009067 seconds 
========================================================================
Received Import Request.
  Time since last request: 0.000065 seconds.
  path: Assets/AllSky_Skybox/Overcast Low/Sky_AllSky_Overcast4_Low_Cam_0_Front+Z.png
  artifactKey: Guid(402fe3aa91fba453f92dd3bbe820dbd9) Importer(815301076,1909f56bfc062723c751e8b465ee728b)
Start importing Assets/AllSky_Skybox/Overcast Low/Sky_AllSky_Overcast4_Low_Cam_0_Front+Z.png using Guid(402fe3aa91fba453f92dd3bbe820dbd9) Importer(815301076,1909f56bfc062723c751e8b465ee728b)  -> (artifact id: '82dbcfb47e5ef1f875701e4f93173d43') in 0.009199 seconds 
